TN:
SF:app.js
FN:38,(anonymous_0)
FN:52,(anonymous_1)
FN:55,(anonymous_2)
FNF:3
FNH:2
FNDA:0,(anonymous_0)
FNDA:1,(anonymous_1)
FNDA:1,(anonymous_2)
DA:1,1
DA:2,1
DA:3,1
DA:4,1
DA:5,1
DA:6,1
DA:7,1
DA:8,1
DA:9,1
DA:10,1
DA:11,1
DA:15,1
DA:16,1
DA:18,1
DA:22,1
DA:23,1
DA:24,1
DA:28,1
DA:29,1
DA:30,1
DA:31,1
DA:32,1
DA:34,1
DA:35,1
DA:36,1
DA:37,1
DA:38,1
DA:40,0
DA:45,1
DA:52,1
DA:55,1
DA:57,1
LF:32
LH:31
BRDA:46,0,0,1
BRDA:46,0,1,0
BRDA:48,1,0,0
BRDA:48,1,1,0
BRDA:55,2,0,1
BRDA:55,2,1,0
BRF:6
BRH:2
end_of_record
TN:
SF:controllers\commentscontroller.js
FN:4,(anonymous_0)
FN:14,(anonymous_1)
FN:30,(anonymous_2)
FN:40,(anonymous_3)
FNF:4
FNH:0
FNDA:0,(anonymous_0)
FNDA:0,(anonymous_1)
FNDA:0,(anonymous_2)
FNDA:0,(anonymous_3)
DA:1,1
DA:4,1
DA:6,0
DA:7,0
DA:8,0
DA:10,0
DA:14,1
DA:15,0
DA:20,0
DA:21,0
DA:22,0
DA:25,0
DA:30,1
DA:32,0
DA:33,0
DA:34,0
DA:36,0
DA:40,1
DA:42,0
DA:43,0
DA:44,0
DA:46,0
LF:22
LH:5
BRF:0
BRH:0
end_of_record
TN:
SF:controllers\messagecontroller.js
FN:6,(anonymous_0)
FN:16,(anonymous_1)
FN:33,(anonymous_2)
FN:43,(anonymous_3)
FNF:4
FNH:0
FNDA:0,(anonymous_0)
FNDA:0,(anonymous_1)
FNDA:0,(anonymous_2)
FNDA:0,(anonymous_3)
DA:2,1
DA:6,1
DA:8,0
DA:9,0
DA:10,0
DA:12,0
DA:16,1
DA:17,0
DA:23,0
DA:24,0
DA:25,0
DA:28,0
DA:33,1
DA:35,0
DA:36,0
DA:37,0
DA:39,0
DA:43,1
DA:45,0
DA:46,0
DA:47,0
DA:49,0
LF:22
LH:5
BRF:0
BRH:0
end_of_record
TN:
SF:controllers\postscontroller.js
FN:4,(anonymous_0)
FN:13,(anonymous_1)
FN:28,(anonymous_2)
FN:37,(anonymous_3)
FN:55,(anonymous_4)
FN:73,(anonymous_5)
FN:85,(anonymous_6)
FNF:7
FNH:5
FNDA:4,(anonymous_0)
FNDA:4,(anonymous_1)
FNDA:1,(anonymous_2)
FNDA:0,(anonymous_3)
FNDA:0,(anonymous_4)
FNDA:1,(anonymous_5)
FNDA:1,(anonymous_6)
DA:2,1
DA:4,1
DA:6,4
DA:7,4
DA:8,4
DA:10,0
DA:13,1
DA:14,4
DA:18,4
DA:19,4
DA:20,4
DA:23,0
DA:28,1
DA:30,1
DA:31,1
DA:32,1
DA:34,0
DA:37,1
DA:39,0
DA:40,0
DA:41,0
DA:42,0
DA:48,0
DA:50,0
DA:51,0
DA:54,0
DA:55,0
DA:56,0
DA:57,0
DA:60,0
DA:66,0
DA:68,0
DA:73,1
DA:75,1
DA:77,1
DA:78,1
DA:80,0
DA:85,1
DA:87,1
DA:89,1
DA:94,1
DA:95,1
DA:97,0
DA:99,1
LF:44
LH:25
BRDA:41,0,0,0
BRDA:41,0,1,0
BRDA:48,1,0,0
BRDA:48,1,1,0
BRF:4
BRH:0
end_of_record
TN:
SF:controllers\usercontroller.js
FN:7,(anonymous_0)
FN:57,(anonymous_1)
FN:81,(anonymous_2)
FN:95,(anonymous_3)
FNF:4
FNH:3
FNDA:2,(anonymous_0)
FNDA:5,(anonymous_1)
FNDA:0,(anonymous_2)
FNDA:7,(anonymous_3)
DA:1,1
DA:2,1
DA:3,1
DA:4,1
DA:7,1
DA:9,2
DA:11,2
DA:13,0
DA:14,0
DA:17,2
DA:18,2
DA:20,0
DA:21,0
DA:26,2
DA:27,2
DA:30,2
DA:38,2
DA:40,2
DA:47,0
DA:48,0
DA:57,1
DA:59,5
DA:63,5
DA:64,5
DA:65,5
DA:73,0
DA:74,0
DA:75,0
DA:81,1
DA:83,0
DA:85,0
DA:91,0
DA:95,1
DA:96,7
DA:102,1
LF:35
LH:23
BRDA:11,0,0,0
BRDA:11,0,1,2
BRDA:11,1,0,2
BRDA:11,1,1,2
BRDA:11,1,2,2
BRDA:18,2,0,0
BRDA:18,2,1,2
BRDA:38,3,0,2
BRDA:38,3,1,0
BRDA:64,4,0,5
BRDA:64,4,1,0
BRDA:64,5,0,5
BRDA:64,5,1,5
BRF:13
BRH:9
end_of_record
TN:
SF:middleware\authMiddleware.js
FN:5,(anonymous_0)
FNF:1
FNH:1
FNDA:6,(anonymous_0)
DA:1,1
DA:2,1
DA:3,1
DA:5,1
DA:8,6
DA:12,6
DA:14,6
DA:17,6
DA:20,6
DA:22,6
DA:24,0
DA:25,0
DA:29,6
DA:30,0
DA:34,1
LF:15
LH:12
BRDA:8,0,0,6
BRDA:8,0,1,0
BRDA:9,1,0,6
BRDA:9,1,1,6
BRDA:29,2,0,0
BRDA:29,2,1,6
BRF:6
BRH:4
end_of_record
TN:
SF:models\Comments.js
FNF:0
FNH:0
DA:1,1
DA:6,1
DA:22,1
LF:3
LH:3
BRF:0
BRH:0
end_of_record
TN:
SF:models\Messages.js
FNF:0
FNH:0
DA:1,1
DA:6,1
DA:25,1
LF:3
LH:3
BRF:0
BRH:0
end_of_record
TN:
SF:models\Post.js
FNF:0
FNH:0
DA:1,1
DA:3,1
DA:26,1
LF:3
LH:3
BRF:0
BRH:0
end_of_record
TN:
SF:models\usermodel.js
FNF:0
FNH:0
DA:1,1
DA:3,1
DA:28,1
LF:3
LH:3
BRF:0
BRH:0
end_of_record
TN:
SF:routes\comments.js
FNF:0
FNH:0
DA:1,1
DA:2,1
DA:4,1
DA:5,1
DA:6,1
DA:8,1
DA:10,1
DA:12,1
DA:15,1
LF:9
LH:9
BRF:0
BRH:0
end_of_record
TN:
SF:routes\messages.js
FNF:0
FNH:0
DA:1,1
DA:2,1
DA:4,1
DA:5,1
DA:6,1
DA:8,1
DA:10,1
DA:12,1
DA:15,1
LF:9
LH:9
BRF:0
BRH:0
end_of_record
TN:
SF:routes\posts.js
FNF:0
FNH:0
DA:1,1
DA:2,1
DA:3,1
DA:5,1
DA:7,1
DA:9,1
DA:11,1
DA:13,1
DA:15,1
DA:17,1
DA:19,1
LF:11
LH:11
BRF:0
BRH:0
end_of_record
TN:
SF:routes\user.js
FNF:0
FNH:0
DA:1,1
DA:2,1
DA:4,1
DA:7,1
DA:9,1
DA:10,1
DA:11,1
DA:18,1
LF:8
LH:8
BRF:0
BRH:0
end_of_record
